<?xml version='1.0' encoding='UTF-8'?>
<testsuite hostname="sjparkui-MacBookPro.local" name="example.ListsSuite" tests="6" errors="0" failures="2" skipped="0" time="0.12" timestamp="2023-06-03T17:02:49">
          <properties>
      <property name="awt.toolkit" value="sun.lwawt.macosx.LWCToolkit"/><property name="java.specification.version" value="11"/><property name="sun.cpu.isalist" value=""/><property name="sun.jnu.encoding" value="UTF-8"/><property name="sun.arch.data.model" value="64"/><property name="java.vendor.url" value="http://java.oracle.com/"/><property name="sun.boot.library.path" value="/Users/sjpark/Library/Caches/Coursier/arc/https/github.com/AdoptOpenJDK/openjdk11-binaries/releases/download/jdk-11%252B28/OpenJDK11-jdk_x64_mac_hotspot_11_28.tar.gz/jdk-11+28/Contents/Home/lib"/><property name="sun.java.command" value="/opt/homebrew/Cellar/sbt/1.9.0/libexec/bin/sbt-launch.jar"/><property name="jdk.debug" value="release"/><property name="java.specification.vendor" value="Oracle Corporation"/><property name="java.version.date" value="2018-09-25"/><property name="java.home" value="/Users/sjpark/Library/Caches/Coursier/arc/https/github.com/AdoptOpenJDK/openjdk11-binaries/releases/download/jdk-11%252B28/OpenJDK11-jdk_x64_mac_hotspot_11_28.tar.gz/jdk-11+28/Contents/Home"/><property name="file.separator" value="/"/><property name="java.vm.compressedOopsMode" value="Zero based"/><property name="line.separator" value="
"/><property name="java.specification.name" value="Java Platform API Specification"/><property name="java.vm.specification.vendor" value="Oracle Corporation"/><property name="sun.management.compiler" value="HotSpot 64-Bit Tiered Compilers"/><property name="java.runtime.version" value="11+28"/><property name="user.name" value="sjpark"/><property name="log4j.ignoreTCL" value="true"/><property name="file.encoding" value="UTF-8"/><property name="jnidispatch.path" value="/Users/sjpark/Library/Caches/JNA/temp/jna8908011341145729918.tmp"/><property name="java.vendor.version" value="AdoptOpenJDK"/><property name="jna.loaded" value="true"/><property name="java.io.tmpdir" value="/var/folders/bf/8mb74bbn4r93vfj579yvjxzr0000gn/T/"/><property name="java.version" value="11"/><property name="java.vm.specification.name" value="Java Virtual Machine Specification"/><property name="java.awt.printerjob" value="sun.lwawt.macosx.CPrinterJob"/><property name="sun.os.patch.level" value="unknown"/><property name="java.library.path" value="/Users/sjpark/Library/Java/Extensions:/Library/Java/Extensions:/Network/Library/Java/Extensions:/System/Library/Java/Extensions:/usr/lib/java:."/><property name="java.vendor" value="Oracle Corporation"/><property name="scala.ext.dirs" value="/Users/sjpark/.sbt/1.0/java9-rt-ext-oracle_corporation_11"/><property name="sun.io.unicode.encoding" value="UnicodeBig"/><property name="socksNonProxyHosts" value="local|*.local|169.254/16|*.169.254/16"/><property name="gopherProxySet" value="false"/><property name="java.class.path" value="/opt/homebrew/Cellar/sbt/1.9.0/libexec/bin/sbt-launch.jar"/><property name="java.vm.vendor" value="Oracle Corporation"/><property name="jline.shutdownhook" value="false"/><property name="user.timezone" value="Asia/Seoul"/><property name="os.name" value="Mac OS X"/><property name="java.vm.specification.version" value="11"/><property name="sun.java.launcher" value="SUN_STANDARD"/><property name="user.country" value="KR"/><property name="http.nonProxyHosts" value="local|*.local|169.254/16|*.169.254/16"/><property name="sun.cpu.endian" value="little"/><property name="user.home" value="/Users/sjpark"/><property name="user.language" value="ko"/><property name="sbt.script" value="/opt/homebrew/Cellar/sbt/1.9.0/libexec/bin/sbt"/><property name="swoval.tmpdir" value="/Users/sjpark/.sbt/1.0"/><property name="java.awt.graphicsenv" value="sun.awt.CGraphicsEnvironment"/><property name="jline.esc.timeout" value="0"/><property name="ftp.nonProxyHosts" value="local|*.local|169.254/16|*.169.254/16"/><property name="scala.color" value="auto"/><property name="path.separator" value=":"/><property name="os.version" value="10.16"/><property name="jna.nosys" value="true"/><property name="java.runtime.name" value="OpenJDK Runtime Environment"/><property name="java.vm.name" value="OpenJDK 64-Bit Server VM"/><property name="jna.platform.library.path" value="/usr/lib:/usr/lib"/><property name="java.vendor.url.bug" value="http://bugreport.java.com/bugreport/"/><property name="user.dir" value="/Users/sjpark/Projects/ScalaProgramming/Part1/Week1/example"/><property name="os.arch" value="x86_64"/><property name="java.vm.info" value="mixed mode"/><property name="java.vm.version" value="11+28"/><property name="java.class.version" value="55.0"/>
    </properties>
          <testcase classname="example.ListsSuite" name="one plus one is two (0pts)" time="0.038">
                      
                    </testcase><testcase classname="example.ListsSuite" name="one plus one is three (0pts)?" time="0.049">
                      <failure message="munit.FailException: /Users/sjpark/Projects/ScalaProgramming/Part1/Week1/example/src/test/scala/example/ListsSuite.scala:24 assertion failed
23:  test(&quot;one plus one is three (0pts)?&quot;) {
[7m24:    assert(1 + 1 == 3) // This assertion fails! Go ahead and fix it.[0m
25:  }" type="sbt.ForkMain$ForkError">sbt.ForkMain$ForkError: munit.FailException: /Users/sjpark/Projects/ScalaProgramming/Part1/Week1/example/src/test/scala/example/ListsSuite.scala:24 assertion failed
23:  test(&quot;one plus one is three (0pts)?&quot;) {
[7m24:    assert(1 + 1 == 3) // This assertion fails! Go ahead and fix it.[0m
25:  }
	at munit.FunSuite.assert(FunSuite.scala:11)
	at example.ListsSuite.$init$$$anonfun$2(ListsSuite.scala:24)
	at scala.runtime.java8.JFunction0$mcV$sp.apply(JFunction0$mcV$sp.scala:18)
</failure>
                    </testcase><testcase classname="example.ListsSuite" name="details why one plus one is not three (0pts)" time="0.023">
                      <failure message="munit.ComparisonFailException: /Users/sjpark/Projects/ScalaProgramming/Part1/Week1/example/src/test/scala/example/ListsSuite.scala:60
59:  test(&quot;details why one plus one is not three (0pts)&quot;) {
[7m60:    assertEquals(1 + 1, 3) // Fix me, please![0m
61:  }
values are not the same
[1m=&gt; Obtained[0m
2
[1m=&gt; Diff[0m ([91m- obtained[0m, [92m+ expected[0m)
[91m-2[0m
[92m+3[0m" type="sbt.ForkMain$ForkError">sbt.ForkMain$ForkError: munit.ComparisonFailException: /Users/sjpark/Projects/ScalaProgramming/Part1/Week1/example/src/test/scala/example/ListsSuite.scala:60
59:  test(&quot;details why one plus one is not three (0pts)&quot;) {
[7m60:    assertEquals(1 + 1, 3) // Fix me, please![0m
61:  }
values are not the same
[1m=&gt; Obtained[0m
2
[1m=&gt; Diff[0m ([91m- obtained[0m, [92m+ expected[0m)
[91m-2[0m
[92m+3[0m
	at munit.FunSuite.assertEquals(FunSuite.scala:11)
	at example.ListsSuite.$init$$$anonfun$3(ListsSuite.scala:60)
	at scala.runtime.java8.JFunction0$mcV$sp.apply(JFunction0$mcV$sp.scala:18)
</failure>
                    </testcase><testcase classname="example.ListsSuite" name="intNotZero throws an exception if its argument is 0" time="0.0">
                      
                    </testcase><testcase classname="example.ListsSuite" name="sum of a few numbers (10pts)" time="0.008">
                      
                    </testcase><testcase classname="example.ListsSuite" name="max of a few numbers (10pts)" time="0.002">
                      
                    </testcase>
          <system-out><![CDATA[]]></system-out>
          <system-err><![CDATA[]]></system-err>
        </testsuite>